<?xml version="1.0" encoding="UTF-8"?>
<!-- Generated by org.testng.reporters.JUnitReportReporter -->
<testsuite skipped="0" hostname="DESKTOP-VFPC1N5" name="com.training.sanity.tests.TC28_DeleteFeature" tests="1" failures="0" timestamp="11 Mar 2019 10:39:38 GMT" time="103.257" errors="0">
  <testcase name="delfeat" time="103.257" classname="com.training.sanity.tests.TC28_DeleteFeature"/>
</testsuite> <!-- com.training.sanity.tests.TC28_DeleteFeature -->
