<?xml version="1.0" encoding="UTF-8"?>
<!-- Generated by org.testng.reporters.JUnitReportReporter -->
<testsuite skipped="0" hostname="DESKTOP-VFPC1N5" name="com.training.sanity.tests.TC30_DeleteRegion" tests="1" failures="0" timestamp="11 Mar 2019 10:48:12 GMT" time="106.494" errors="0">
  <testcase name="delreg" time="106.494" classname="com.training.sanity.tests.TC30_DeleteRegion"/>
</testsuite> <!-- com.training.sanity.tests.TC30_DeleteRegion -->
