<?xml version="1.0" encoding="UTF-8"?>
<!-- Generated by org.testng.reporters.JUnitReportReporter -->
<testsuite skipped="0" hostname="DESKTOP-VFPC1N5" name="com.training.sanity.tests.TC26_MoveToTrash" tests="1" failures="0" timestamp="11 Mar 2019 10:35:24 GMT" time="56.512" errors="0">
  <testcase name="movetrashtest" time="56.512" classname="com.training.sanity.tests.TC26_MoveToTrash"/>
</testsuite> <!-- com.training.sanity.tests.TC26_MoveToTrash -->
