<?xml version="1.0" encoding="UTF-8"?>
<!-- Generated by org.testng.reporters.JUnitReportReporter -->
<testsuite skipped="0" hostname="DESKTOP-VFPC1N5" name="com.training.sanity.tests.LoginTests" tests="1" failures="0" timestamp="07 Mar 2019 06:04:36 GMT" time="54.520" errors="0">
  <testcase name="validLoginTest" time="54.520" classname="com.training.sanity.tests.LoginTests"/>
</testsuite> <!-- com.training.sanity.tests.LoginTests -->
