<?xml version="1.0" encoding="UTF-8"?>
<!-- Generated by org.testng.reporters.JUnitReportReporter -->
<testsuite skipped="0" hostname="DESKTOP-VFPC1N5" name="com.training.sanity.tests.TC27_AddNewFeature" tests="1" failures="0" timestamp="11 Mar 2019 10:37:48 GMT" time="103.242" errors="0">
  <testcase name="realestateportal" time="103.242" classname="com.training.sanity.tests.TC27_AddNewFeature"/>
</testsuite> <!-- com.training.sanity.tests.TC27_AddNewFeature -->
