<?xml version="1.0" encoding="UTF-8"?>
<!-- Generated by org.testng.reporters.JUnitReportReporter -->
<testsuite skipped="0" hostname="DESKTOP-VFPC1N5" name="com.training.sanity.tests.TC29_AddRegion" tests="1" failures="0" timestamp="11 Mar 2019 10:45:25 GMT" time="77.778" errors="0">
  <testcase name="region" time="77.778" classname="com.training.sanity.tests.TC29_AddRegion"/>
</testsuite> <!-- com.training.sanity.tests.TC29_AddRegion -->
