<?xml version="1.0" encoding="UTF-8"?>
<!-- Generated by org.testng.reporters.JUnitReportReporter -->
<testsuite skipped="0" hostname="DESKTOP-VFPC1N5" name="com.training.sanity.tests.scrolltest" tests="1" failures="0" timestamp="09 Mar 2019 14:00:57 GMT" time="54.782" errors="0">
  <testcase name="scrolling" time="54.782" classname="com.training.sanity.tests.scrolltest"/>
</testsuite> <!-- com.training.sanity.tests.scrolltest -->
